Drill report for Thruster_Control_Card_COPY.kicad_pcb
Created on 2025-04-06T04:15:54-0400

Copper Layer Stackup:
    =============================================================
    L1 :  F.Cu                      front
    L1 :  B.Cu                      back
    L1 :  In1.Cu                    in1
    L1 :  In2.Cu                    in2


Drill file 'Thruster_Control_Card_COPY-PTH-drl.gbr' contains
    plated through holes:
    =============================================================
    T1  0.400mm  0.0157"  (122 holes)
    T2  0.889mm  0.0350"  (3 holes)
    T3  1.070mm  0.0421"  (96 holes)
    T4  1.300mm  0.0512"  (5 holes)
    T5  2.890mm  0.1138"  (2 holes)

    Total plated holes count 228


Drill file 'Thruster_Control_Card_COPY-NPTH-drl.gbr' contains
    unplated through holes:
    =============================================================

    Total unplated holes count 0
